<?xml version="1.0" encoding="UTF-8"?>
<!-- Generated by org.testng.reporters.JUnitXMLReporter -->
<testsuite ignored="0" hostname="EGCA1-0091" failures="0" tests="2" name="Test Start Grinta web application and search for product" time="58.241" errors="0" timestamp="2022-06-30T18:47:49 EET">
  <testcase classname="test_cases.TestBase" name="startApplication" time="33.324"/>
  <testcase classname="test_cases.Testcase001_SearchingProducts" name="SearchProducts" time="20.607"/>
</testsuite> <!-- Test Start Grinta web application and search for product -->
