<?xml version="1.0" encoding="UTF-8"?>
<testng-results ignored="0" total="2" passed="2" failed="0" skipped="0">
  <reporter-output>
  </reporter-output>
  <suite started-at="2022-06-30T18:46:51 EET" name="Grinta.ai" finished-at="2022-06-30T18:47:49 EET" duration-ms="58241">
    <groups>
      <group name="smoke">
        <method signature="TestBase.startApplication()[pri:1, instance:test_cases.Testcase001_SearchingProducts@fba92d3]" name="startApplication" class="test_cases.TestBase"/>
        <method signature="Testcase001_SearchingProducts.SearchProducts()[pri:2, instance:test_cases.Testcase001_SearchingProducts@fba92d3]" name="SearchProducts" class="test_cases.Testcase001_SearchingProducts"/>
      </group> <!-- smoke -->
    </groups>
    <test started-at="2022-06-30T18:46:51 EET" name="Test Start Grinta web application and search for product" finished-at="2022-06-30T18:47:49 EET" duration-ms="58241">
      <class name="test_cases.Testcase001_SearchingProducts">
        <test-method is-config="true" signature="prepareClassProperties(java.lang.String)[pri:0, instance:test_cases.Testcase001_SearchingProducts@fba92d3]" started-at="2022-06-30T18:46:51 EET" name="prepareClassProperties" finished-at="2022-06-30T18:46:54 EET" duration-ms="3008" status="PASS">
          <params>
            <param index="0">
              <value>
                <![CDATA[Chrome]]>
              </value>
            </param>
          </params>
          <reporter-output>
          </reporter-output>
        </test-method> <!-- prepareClassProperties -->
        <test-method signature="startApplication()[pri:1, instance:test_cases.Testcase001_SearchingProducts@fba92d3]" started-at="2022-06-30T18:46:54 EET" name="startApplication" description="Start Grinta Web Application" finished-at="2022-06-30T18:47:27 EET" duration-ms="33324" status="PASS">
          <reporter-output>
          </reporter-output>
        </test-method> <!-- startApplication -->
        <test-method signature="SearchProducts()[pri:2, instance:test_cases.Testcase001_SearchingProducts@fba92d3]" started-at="2022-06-30T18:47:27 EET" name="SearchProducts" description="Search for product" finished-at="2022-06-30T18:47:48 EET" duration-ms="20607" status="PASS">
          <reporter-output>
          </reporter-output>
        </test-method> <!-- SearchProducts -->
        <test-method is-config="true" signature="tearDown()[pri:0, instance:test_cases.Testcase001_SearchingProducts@fba92d3]" started-at="2022-06-30T18:47:48 EET" name="tearDown" finished-at="2022-06-30T18:47:49 EET" duration-ms="1244" status="PASS">
          <reporter-output>
          </reporter-output>
        </test-method> <!-- tearDown -->
      </class> <!-- test_cases.Testcase001_SearchingProducts -->
    </test> <!-- Test Start Grinta web application and search for product -->
  </suite> <!-- Grinta.ai -->
</testng-results>
